2022-03-22 12:02:59 INFO  ProjectStartupHandler.runActivity(74) - ---------- Project opened ----------
2022-03-22 12:02:59 INFO  ProjectStartupHandler.runActivity(75) - ---------- Version 3.56 ----------

2022-03-22 12:02:59 INFO  ProjectStartupHandler.setAutoscrolls(346) - Autoscrolls successfully set
2022-03-22 12:03:00 INFO  ApacheHttpClient.isSessionAppropriateWithSecretKey(589) - The session is not set in the property file.
2022-03-22 12:03:00 INFO  ApacheHttpClient.login(250) - Waiting for server response.
2022-03-22 12:03:00 INFO  ApacheHttpClient.login(254) - responseCode = 200
2022-03-22 12:03:00 INFO  ApacheHttpClient.login(277) - JSESSIONID OK
2022-03-22 12:03:00 INFO  ApacheHttpClient.refreshUserInfo(305) - responseCode = 200
2022-03-22 12:03:00 INFO  ApacheHttpClient.refreshUserInfo(311) - User information received.
2022-03-22 12:03:00 INFO  ApacheHttpClient.startGA(36) - GAService started.
2022-03-22 12:03:12 INFO  ApacheHttpClient.getWebResourceAsStream(502) - responseCode = 200
2022-03-22 12:03:14 INFO  ApacheHttpClient.getFilteredTasks(336) - responseCode = 200
2022-03-22 12:03:26 INFO  ApacheHttpClient.getFilteredTasks(336) - responseCode = 200
2022-03-22 12:03:31 INFO  ApacheHttpClient.getFilteredTasks(336) - responseCode = 200
2022-03-22 12:03:38 INFO  ApacheHttpClient.getFilteredTasks(336) - responseCode = 200
2022-03-22 20:21:20 INFO  ApacheHttpClient.getWebResourceAsStream(502) - responseCode = 200
2022-03-22 20:21:20 INFO  ApacheHttpClient.getFilteredTasks(336) - responseCode = 200
2022-03-22 20:21:28 INFO  ApacheHttpClient.getFilteredTasks(336) - responseCode = 200
2022-03-22 20:21:38 INFO  ApacheHttpClient.getFilteredTasks(336) - responseCode = 200
2022-03-22 20:21:45 INFO  ApacheHttpClient.getFilteredTasks(336) - responseCode = 200
2022-03-22 20:21:55 INFO  ApacheHttpClient.getTaskTemplateInfo(353) - responseCode = 200
2022-03-22 20:21:55 INFO  TaskInfoSelectorMouseListener.createDirectoryRecursive(77) - File created :C:/Users/mihai/Downloads/JavaRush/JavaRushTasks/1.JavaSyntax/src/com
2022-03-22 20:21:55 INFO  TaskInfoSelectorMouseListener.createDirectoryRecursive(77) - File created :C:/Users/mihai/Downloads/JavaRush/JavaRushTasks/1.JavaSyntax/src/com/javarush
2022-03-22 20:21:55 INFO  TaskInfoSelectorMouseListener.createDirectoryRecursive(77) - File created :C:/Users/mihai/Downloads/JavaRush/JavaRushTasks/1.JavaSyntax/src/com/javarush/task
2022-03-22 20:21:55 INFO  TaskInfoSelectorMouseListener.createDirectoryRecursive(77) - File created :C:/Users/mihai/Downloads/JavaRush/JavaRushTasks/1.JavaSyntax/src/com/javarush/task/pro
2022-03-22 20:21:55 INFO  TaskInfoSelectorMouseListener.createDirectoryRecursive(77) - File created :C:/Users/mihai/Downloads/JavaRush/JavaRushTasks/1.JavaSyntax/src/com/javarush/task/pro/task13
2022-03-22 20:21:55 INFO  TaskInfoSelectorMouseListener.createDirectoryRecursive(77) - File created :C:/Users/mihai/Downloads/JavaRush/JavaRushTasks/1.JavaSyntax/src/com/javarush/task/pro/task13/task1305
2022-03-22 20:57:29 INFO  ProjectStartupHandler.projectClosing(155) - ---------- Project closed ----------

2022-03-22 20:57:29 INFO  ApacheHttpClient.getTask(488) - responseCode = 200
2022-03-22 20:57:29 INFO  PluginProjectService.dispose(41) - PluginProjectService for disposed.
2022-03-22 20:57:43 INFO  ProjectStartupHandler.runActivity(74) - ---------- Project opened ----------
2022-03-22 20:57:43 INFO  ProjectStartupHandler.runActivity(75) - ---------- Version 3.56 ----------

2022-03-22 20:57:43 INFO  ProjectStartupHandler.setAutoscrolls(346) - Autoscrolls successfully set
2022-03-22 20:57:43 INFO  ApacheHttpClient.isSessionAppropriateWithSecretKey(602) - Waiting for server response.
2022-03-22 20:57:43 INFO  ApacheHttpClient.refreshUserInfo(305) - responseCode = 200
2022-03-22 20:57:43 INFO  ApacheHttpClient.refreshUserInfo(311) - User information received.
2022-03-22 20:57:43 INFO  ApacheHttpClient.startGA(36) - GAService started.
2022-03-24 18:56:03 INFO  ApacheHttpClient.getWebResourceAsStream(502) - responseCode = 200
2022-03-24 18:56:04 INFO  ApacheHttpClient.getFilteredTasks(336) - responseCode = 200
2022-03-24 18:56:14 INFO  ApacheHttpClient.getFilteredTasks(336) - responseCode = 200
2022-03-24 20:17:35 INFO  ApacheHttpClient.getTaskTemplateInfo(353) - responseCode = 200
2022-03-24 20:17:35 INFO  TaskInfoSelectorMouseListener.createDirectoryRecursive(77) - File created :C:/Users/mihai/Downloads/JavaRush/JavaRushTasks/1.JavaSyntax/src/com/javarush/task/pro/task14
2022-03-24 20:17:35 INFO  TaskInfoSelectorMouseListener.createDirectoryRecursive(77) - File created :C:/Users/mihai/Downloads/JavaRush/JavaRushTasks/1.JavaSyntax/src/com/javarush/task/pro/task14/task1401
2022-03-24 20:22:53 INFO  ApacheHttpClient.getWebResourceAsStream(502) - responseCode = 200
2022-03-24 20:22:53 INFO  ApacheHttpClient.getTask(488) - responseCode = 200
2022-03-24 20:22:55 INFO  ApacheHttpClient.completed(32) - responseCode = 200
2022-03-24 20:24:57 INFO  ApacheHttpClient.getWebResourceAsStream(502) - responseCode = 200
2022-03-24 20:27:19 INFO  ApacheHttpClient.getWebResourceAsStream(502) - responseCode = 200
2022-03-24 20:27:19 INFO  ApacheHttpClient.getTask(488) - responseCode = 200
2022-03-24 20:27:22 INFO  ApacheHttpClient.completed(32) - responseCode = 200
2022-03-24 20:27:22 INFO  ApacheHttpClient.getTask(488) - responseCode = 200
2022-03-24 20:27:29 INFO  ApacheHttpClient.getWebResourceAsStream(502) - responseCode = 200
2022-03-24 20:27:30 INFO  ApacheHttpClient.getFilteredTasks(336) - responseCode = 200
2022-03-24 20:27:36 INFO  ApacheHttpClient.getTaskTemplateInfo(353) - responseCode = 200
2022-03-24 20:27:36 INFO  TaskInfoSelectorMouseListener.createDirectoryRecursive(77) - File created :C:/Users/mihai/Downloads/JavaRush/JavaRushTasks/1.JavaSyntax/src/com/javarush/task/pro/task14/task1402
2022-03-24 20:27:36 INFO  ApacheHttpClient.getTask(488) - responseCode = 200
2022-03-26 13:57:49 INFO  ApacheHttpClient.getWebResourceAsStream(502) - responseCode = 200
2022-03-26 13:57:50 INFO  ApacheHttpClient.getFilteredTasks(336) - responseCode = 200
2022-03-26 13:58:00 INFO  ApacheHttpClient.getFilteredTasks(336) - responseCode = 200
2022-03-26 16:24:14 INFO  ApacheHttpClient.getTaskTemplateInfo(353) - responseCode = 200
2022-03-26 16:24:14 INFO  TaskInfoSelectorMouseListener.createDirectoryRecursive(77) - File created :C:/Users/mihai/Downloads/JavaRush/JavaRushTasks/1.JavaSyntax/src/com/javarush/task/pro/task15
2022-03-26 16:24:14 INFO  TaskInfoSelectorMouseListener.createDirectoryRecursive(77) - File created :C:/Users/mihai/Downloads/JavaRush/JavaRushTasks/1.JavaSyntax/src/com/javarush/task/pro/task15/task1502
2022-03-27 11:26:50 INFO  ProjectStartupHandler.runActivity(74) - ---------- Project opened ----------
2022-03-27 11:26:50 INFO  ProjectStartupHandler.runActivity(75) - ---------- Version 3.56 ----------

2022-03-27 11:26:50 INFO  ApacheHttpClient.isSessionAppropriateWithSecretKey(602) - Waiting for server response.
2022-03-27 11:26:50 INFO  ApacheHttpClient.refreshUserInfo(305) - responseCode = 200
2022-03-27 11:26:50 INFO  ApacheHttpClient.refreshUserInfo(311) - User information received.
2022-03-27 11:26:50 INFO  ApacheHttpClient.startGA(36) - GAService started.
2022-03-27 11:29:40 INFO  ApacheHttpClient.getWebResourceAsStream(502) - responseCode = 200
2022-03-27 11:29:41 INFO  ApacheHttpClient.getFilteredTasks(336) - responseCode = 200
2022-03-27 11:29:44 INFO  ApacheHttpClient.getTaskTemplateInfo(353) - responseCode = 200
2022-03-27 11:31:18 INFO  ApacheHttpClient.getWebResourceAsStream(502) - responseCode = 200
2022-03-27 11:32:30 INFO  ApacheHttpClient.getWebResourceAsStream(502) - responseCode = 200
2022-03-27 11:32:31 INFO  ApacheHttpClient.getTask(488) - responseCode = 200
2022-03-27 11:32:32 INFO  ApacheHttpClient.completed(32) - responseCode = 200
2022-03-27 11:32:32 INFO  ApacheHttpClient.getTask(488) - responseCode = 200
2022-03-27 11:32:36 INFO  ApacheHttpClient.getWebResourceAsStream(502) - responseCode = 200
2022-03-27 11:32:36 INFO  ApacheHttpClient.getFilteredTasks(336) - responseCode = 200
2022-03-27 11:33:40 INFO  ApacheHttpClient.getTaskTemplateInfo(353) - responseCode = 200
2022-03-27 11:33:40 INFO  TaskInfoSelectorMouseListener.createDirectoryRecursive(77) - File created :C:/Users/mihai/Downloads/JavaRush/JavaRushTasks/1.JavaSyntax/src/com/javarush/task/pro/task15/task1503
2022-03-27 11:33:40 INFO  ApacheHttpClient.getTask(488) - responseCode = 200
2022-03-27 11:58:50 INFO  ApacheHttpClient.getWebResourceAsStream(502) - responseCode = 200
2022-03-27 11:58:51 INFO  ApacheHttpClient.getTask(488) - responseCode = 200
2022-03-27 11:58:51 INFO  ApacheHttpClient.completed(32) - responseCode = 200
2022-03-27 11:59:28 INFO  ApacheHttpClient.getWebResourceAsStream(502) - responseCode = 200
2022-03-27 11:59:28 INFO  ApacheHttpClient.getTask(488) - responseCode = 200
2022-03-27 11:59:28 INFO  ApacheHttpClient.completed(32) - responseCode = 200
2022-03-27 11:59:33 INFO  ApacheHttpClient.getWebResourceAsStream(502) - responseCode = 200
2022-03-27 12:00:41 INFO  ApacheHttpClient.getWebResourceAsStream(502) - responseCode = 200
2022-03-27 12:00:42 INFO  ApacheHttpClient.getTask(488) - responseCode = 200
2022-03-27 12:00:48 INFO  ApacheHttpClient.completed(32) - responseCode = 200
2022-03-27 12:00:49 INFO  ApacheHttpClient.getTask(488) - responseCode = 200
2022-03-27 12:11:55 INFO  ApacheHttpClient.getWebResourceAsStream(502) - responseCode = 200
2022-03-27 12:11:56 INFO  ApacheHttpClient.getFilteredTasks(336) - responseCode = 200
2022-03-27 12:36:00 INFO  ProjectStartupHandler.projectClosing(155) - ---------- Project closed ----------

2022-03-27 12:36:01 INFO  ApacheHttpClient.getTask(488) - responseCode = 200
2022-03-27 12:36:01 INFO  ApacheHttpClient.getTask(488) - responseCode = 200
2022-03-27 12:36:01 INFO  PluginProjectService.dispose(41) - PluginProjectService for disposed.
2022-03-28 10:04:14 INFO  ProjectStartupHandler.runActivity(74) - ---------- Project opened ----------
2022-03-28 10:04:14 INFO  ProjectStartupHandler.runActivity(75) - ---------- Version 3.56 ----------

2022-03-28 10:04:14 INFO  ApacheHttpClient.isSessionAppropriateWithSecretKey(602) - Waiting for server response.
2022-03-28 10:04:15 INFO  ApacheHttpClient.refreshUserInfo(305) - responseCode = 200
2022-03-28 10:04:15 INFO  ApacheHttpClient.refreshUserInfo(311) - User information received.
2022-03-28 10:04:15 INFO  ApacheHttpClient.startGA(36) - GAService started.
2022-03-28 10:06:17 INFO  ProjectStartupHandler.projectClosing(155) - ---------- Project closed ----------

2022-03-28 10:06:17 INFO  PluginProjectService.dispose(41) - PluginProjectService for disposed.
2022-03-28 10:06:36 INFO  ProjectStartupHandler.runActivity(74) - ---------- Project opened ----------
2022-03-28 10:06:36 INFO  ProjectStartupHandler.runActivity(75) - ---------- Version 3.56 ----------

2022-03-28 10:06:36 INFO  ApacheHttpClient.isSessionAppropriateWithSecretKey(602) - Waiting for server response.
2022-03-28 10:06:36 INFO  ApacheHttpClient.refreshUserInfo(305) - responseCode = 200
2022-03-28 10:06:36 INFO  ApacheHttpClient.refreshUserInfo(311) - User information received.
2022-03-28 10:06:36 INFO  ApacheHttpClient.startGA(36) - GAService started.
2022-03-28 11:32:05 INFO  ApacheHttpClient.getWebResourceAsStream(502) - responseCode = 200
2022-03-28 11:32:06 INFO  ApacheHttpClient.getFilteredTasks(336) - responseCode = 200
2022-03-28 11:32:16 INFO  ApacheHttpClient.getFilteredTasks(336) - responseCode = 200
2022-03-28 11:32:23 INFO  ApacheHttpClient.getTaskTemplateInfo(353) - responseCode = 200
2022-03-28 11:32:23 INFO  TaskInfoSelectorMouseListener.createDirectoryRecursive(77) - File created :C:/Users/mihai/Downloads/JavaRush/JavaRushTasks/1.JavaSyntax/src/com/javarush/task/pro/task14/task1413
2022-03-28 11:32:30 INFO  ProjectStartupHandler.projectClosing(155) - ---------- Project closed ----------

2022-03-28 11:32:30 INFO  ApacheHttpClient.getTask(488) - responseCode = 200
2022-03-28 11:32:30 INFO  ApacheHttpClient.getTask(488) - responseCode = 200
2022-03-28 11:32:31 INFO  PluginProjectService.dispose(41) - PluginProjectService for disposed.
2022-03-28 11:32:43 INFO  ProjectStartupHandler.runActivity(74) - ---------- Project opened ----------
2022-03-28 11:32:43 INFO  ProjectStartupHandler.runActivity(75) - ---------- Version 3.56 ----------

2022-03-28 11:32:43 INFO  ApacheHttpClient.isSessionAppropriateWithSecretKey(602) - Waiting for server response.
2022-03-28 11:32:43 INFO  ApacheHttpClient.refreshUserInfo(305) - responseCode = 200
2022-03-28 11:32:43 INFO  ApacheHttpClient.refreshUserInfo(311) - User information received.
2022-03-28 11:32:43 INFO  ApacheHttpClient.startGA(36) - GAService started.
